<?xml version="1.0" encoding="UTF-8"?>
<testsuites>
  <testsuite name="" tests="41" assertions="48" errors="0" failures="0" skipped="0" time="38.194352">
    <testsuite name="Unit" tests="22" assertions="22" errors="0" failures="0" skipped="0" time="13.751276">
      <testsuite name="Tests\Unit\ExampleTest" file="C:\laragon\www\blog\tests\Unit\ExampleTest.php" tests="1" assertions="1" errors="0" failures="0" skipped="0" time="4.230143">
        <testcase name="testBasicTest" class="Tests\Unit\ExampleTest" classname="Tests.Unit.ExampleTest" file="C:\laragon\www\blog\tests\Unit\ExampleTest.php" line="15" assertions="1" time="4.230143"/>
      </testsuite>
      <testsuite name="Tests\Unit\Models\PostCategory\PostCategoryTest" file="C:\laragon\www\blog\tests\Unit\Models\PostCategory\PostCategoryTest.php" tests="5" assertions="5" errors="0" failures="0" skipped="0" time="2.503054">
        <testcase name="test_it_has_many_children" class="Tests\Unit\Models\PostCategory\PostCategoryTest" classname="Tests.Unit.Models.PostCategory.PostCategoryTest" file="C:\laragon\www\blog\tests\Unit\Models\PostCategory\PostCategoryTest.php" line="18" assertions="1" time="0.824984"/>
        <testcase name="test_children_only_has_one_parent" class="Tests\Unit\Models\PostCategory\PostCategoryTest" classname="Tests.Unit.Models.PostCategory.PostCategoryTest" file="C:\laragon\www\blog\tests\Unit\Models\PostCategory\PostCategoryTest.php" line="35" assertions="1" time="0.380341"/>
        <testcase name="test_it_is_orderable_by_a_numbered_order" class="Tests\Unit\Models\PostCategory\PostCategoryTest" classname="Tests.Unit.Models.PostCategory.PostCategoryTest" file="C:\laragon\www\blog\tests\Unit\Models\PostCategory\PostCategoryTest.php" line="51" assertions="1" time="0.350741"/>
        <testcase name="test_it_has_many_children_recursive" class="Tests\Unit\Models\PostCategory\PostCategoryTest" classname="Tests.Unit.Models.PostCategory.PostCategoryTest" file="C:\laragon\www\blog\tests\Unit\Models\PostCategory\PostCategoryTest.php" line="69" assertions="1" time="0.456364"/>
        <testcase name="test_a_post_category_has_many_post" class="Tests\Unit\Models\PostCategory\PostCategoryTest" classname="Tests.Unit.Models.PostCategory.PostCategoryTest" file="C:\laragon\www\blog\tests\Unit\Models\PostCategory\PostCategoryTest.php" line="89" assertions="1" time="0.490624"/>
      </testsuite>
      <testsuite name="Tests\Unit\Models\Post\PostTest" file="C:\laragon\www\blog\tests\Unit\Models\Post\PostTest.php" tests="4" assertions="4" errors="0" failures="0" skipped="0" time="1.674511">
        <testcase name="test_a_post_has_one_category" class="Tests\Unit\Models\Post\PostTest" classname="Tests.Unit.Models.Post.PostTest" file="C:\laragon\www\blog\tests\Unit\Models\Post\PostTest.php" line="20" assertions="1" time="0.384780"/>
        <testcase name="test_a_post_can_update_a_category" class="Tests\Unit\Models\Post\PostTest" classname="Tests.Unit.Models.Post.PostTest" file="C:\laragon\www\blog\tests\Unit\Models\Post\PostTest.php" line="32" assertions="1" time="0.408195"/>
        <testcase name="test_a_post_can_add_some_tags" class="Tests\Unit\Models\Post\PostTest" classname="Tests.Unit.Models.Post.PostTest" file="C:\laragon\www\blog\tests\Unit\Models\Post\PostTest.php" line="47" assertions="1" time="0.500920"/>
        <testcase name="test_a_post_has_one_user" class="Tests\Unit\Models\Post\PostTest" classname="Tests.Unit.Models.Post.PostTest" file="C:\laragon\www\blog\tests\Unit\Models\Post\PostTest.php" line="62" assertions="1" time="0.380616"/>
      </testsuite>
      <testsuite name="Tests\Unit\Models\Tag\TagTest" file="C:\laragon\www\blog\tests\Unit\Models\Tag\TagTest.php" tests="1" assertions="1" errors="0" failures="0" skipped="0" time="0.482108">
        <testcase name="test_a_tag_can_attach_some_posts" class="Tests\Unit\Models\Tag\TagTest" classname="Tests.Unit.Models.Tag.TagTest" file="C:\laragon\www\blog\tests\Unit\Models\Tag\TagTest.php" line="18" assertions="1" time="0.482108"/>
      </testsuite>
      <testsuite name="Tests\Unit\Models\User\UserTest" file="C:\laragon\www\blog\tests\Unit\Models\User\UserTest.php" tests="11" assertions="11" errors="0" failures="0" skipped="0" time="4.861460">
        <testcase name="test_give_permission_to_user" class="Tests\Unit\Models\User\UserTest" classname="Tests.Unit.Models.User.UserTest" file="C:\laragon\www\blog\tests\Unit\Models\User\UserTest.php" line="19" assertions="1" time="0.368601"/>
        <testcase name="test_give_wrong_permission_to_user" class="Tests\Unit\Models\User\UserTest" classname="Tests.Unit.Models.User.UserTest" file="C:\laragon\www\blog\tests\Unit\Models\User\UserTest.php" line="34" assertions="1" time="0.361025"/>
        <testcase name="test_detach_permission_to_user" class="Tests\Unit\Models\User\UserTest" classname="Tests.Unit.Models.User.UserTest" file="C:\laragon\www\blog\tests\Unit\Models\User\UserTest.php" line="50" assertions="1" time="0.406510"/>
        <testcase name="test_user_has_permission" class="Tests\Unit\Models\User\UserTest" classname="Tests.Unit.Models.User.UserTest" file="C:\laragon\www\blog\tests\Unit\Models\User\UserTest.php" line="67" assertions="1" time="0.592406"/>
        <testcase name="test_user_has_permission_through_role" class="Tests\Unit\Models\User\UserTest" classname="Tests.Unit.Models.User.UserTest" file="C:\laragon\www\blog\tests\Unit\Models\User\UserTest.php" line="85" assertions="1" time="0.397808"/>
        <testcase name="test_user_has_permission_with_wrong_roles" class="Tests\Unit\Models\User\UserTest" classname="Tests.Unit.Models.User.UserTest" file="C:\laragon\www\blog\tests\Unit\Models\User\UserTest.php" line="106" assertions="1" time="0.471115"/>
        <testcase name="test_user_has_permission_with_permission_object_through_role" class="Tests\Unit\Models\User\UserTest" classname="Tests.Unit.Models.User.UserTest" file="C:\laragon\www\blog\tests\Unit\Models\User\UserTest.php" line="129" assertions="1" time="0.426891"/>
        <testcase name="test_user_can_update_the_permission" class="Tests\Unit\Models\User\UserTest" classname="Tests.Unit.Models.User.UserTest" file="C:\laragon\www\blog\tests\Unit\Models\User\UserTest.php" line="151" assertions="1" time="0.497150"/>
        <testcase name="test_user_has_role" class="Tests\Unit\Models\User\UserTest" classname="Tests.Unit.Models.User.UserTest" file="C:\laragon\www\blog\tests\Unit\Models\User\UserTest.php" line="171" assertions="1" time="0.471653"/>
        <testcase name="test_user_has_wrong_role" class="Tests\Unit\Models\User\UserTest" classname="Tests.Unit.Models.User.UserTest" file="C:\laragon\www\blog\tests\Unit\Models\User\UserTest.php" line="189" assertions="1" time="0.459216"/>
        <testcase name="test_user_can_update_role" class="Tests\Unit\Models\User\UserTest" classname="Tests.Unit.Models.User.UserTest" file="C:\laragon\www\blog\tests\Unit\Models\User\UserTest.php" line="207" assertions="1" time="0.409085"/>
      </testsuite>
    </testsuite>
    <testsuite name="Feature" tests="19" assertions="26" errors="0" failures="0" skipped="0" time="24.443076">
      <testsuite name="Tests\Feature\Auth\LoginTest" file="C:\laragon\www\blog\tests\Feature\Auth\LoginTest.php" tests="7" assertions="11" errors="0" failures="0" skipped="0" time="12.762881">
        <testcase name="test_it_requires_an_email" class="Tests\Feature\Auth\LoginTest" classname="Tests.Feature.Auth.LoginTest" file="C:\laragon\www\blog\tests\Feature\Auth\LoginTest.php" line="24" assertions="2" time="2.389831"/>
        <testcase name="test_it_requires_a_password" class="Tests\Feature\Auth\LoginTest" classname="Tests.Feature.Auth.LoginTest" file="C:\laragon\www\blog\tests\Feature\Auth\LoginTest.php" line="35" assertions="2" time="1.249095"/>
        <testcase name="test_it_returns_an_error_if_credentials_dont_match" class="Tests\Feature\Auth\LoginTest" classname="Tests.Feature.Auth.LoginTest" file="C:\laragon\www\blog\tests\Feature\Auth\LoginTest.php" line="46" assertions="2" time="1.210553"/>
        <testcase name="test_login_return_true" class="Tests\Feature\Auth\LoginTest" classname="Tests.Feature.Auth.LoginTest" file="C:\laragon\www\blog\tests\Feature\Auth\LoginTest.php" line="61" assertions="1" time="2.098580"/>
        <testcase name="test_it_returns_a_validation_error_if_credentials_dont_matchs" class="Tests\Feature\Auth\LoginTest" classname="Tests.Feature.Auth.LoginTest" file="C:\laragon\www\blog\tests\Feature\Auth\LoginTest.php" line="78" assertions="2" time="1.663764"/>
        <testcase name="test_it_to_login_and_then_access_me" class="Tests\Feature\Auth\LoginTest" classname="Tests.Feature.Auth.LoginTest" file="C:\laragon\www\blog\tests\Feature\Auth\LoginTest.php" line="96" assertions="1" time="2.550342"/>
        <testcase name="test_it_to_login_and_thenlogout" class="Tests\Feature\Auth\LoginTest" classname="Tests.Feature.Auth.LoginTest" file="C:\laragon\www\blog\tests\Feature\Auth\LoginTest.php" line="120" assertions="1" time="1.600716"/>
      </testsuite>
      <testsuite name="Tests\Feature\Auth\RegisterTest" file="C:\laragon\www\blog\tests\Feature\Auth\RegisterTest.php" tests="2" assertions="2" errors="0" failures="0" skipped="0" time="4.033900">
        <testcase name="test_register_user" class="Tests\Feature\Auth\RegisterTest" classname="Tests.Feature.Auth.RegisterTest" file="C:\laragon\www\blog\tests\Feature\Auth\RegisterTest.php" line="22" assertions="1" time="2.010467"/>
        <testcase name="test_register_with_wrong_email" class="Tests\Feature\Auth\RegisterTest" classname="Tests.Feature.Auth.RegisterTest" file="C:\laragon\www\blog\tests\Feature\Auth\RegisterTest.php" line="39" assertions="1" time="2.023433"/>
      </testsuite>
      <testsuite name="Tests\Feature\ExampleTest" file="C:\laragon\www\blog\tests\Feature\ExampleTest.php" tests="1" assertions="1" errors="0" failures="0" skipped="0" time="0.361570">
        <testcase name="testBasicTest" class="Tests\Feature\ExampleTest" classname="Tests.Feature.ExampleTest" file="C:\laragon\www\blog\tests\Feature\ExampleTest.php" line="15" assertions="1" time="0.361570"/>
      </testsuite>
      <testsuite name="Tests\Feature\Post\PostTest" file="C:\laragon\www\blog\tests\Feature\Post\PostTest.php" tests="9" assertions="12" errors="0" failures="0" skipped="0" time="7.284725">
        <testcase name="test_user_can_create_a_post" class="Tests\Feature\Post\PostTest" classname="Tests.Feature.Post.PostTest" file="C:\laragon\www\blog\tests\Feature\Post\PostTest.php" line="24" assertions="1" time="1.003494"/>
        <testcase name="test_user_can_access_posts" class="Tests\Feature\Post\PostTest" classname="Tests.Feature.Post.PostTest" file="C:\laragon\www\blog\tests\Feature\Post\PostTest.php" line="52" assertions="1" time="1.639800"/>
        <testcase name="test_user_can_access_post_detail" class="Tests\Feature\Post\PostTest" classname="Tests.Feature.Post.PostTest" file="C:\laragon\www\blog\tests\Feature\Post\PostTest.php" line="69" assertions="1" time="0.463846"/>
        <testcase name="test_user_skip_access_posts_with_anonymous_scope" class="Tests\Feature\Post\PostTest" classname="Tests.Feature.Post.PostTest" file="C:\laragon\www\blog\tests\Feature\Post\PostTest.php" line="86" assertions="1" time="0.825813"/>
        <testcase name="test_user_skip_access_posts_with_null_scope_value" class="Tests\Feature\Post\PostTest" classname="Tests.Feature.Post.PostTest" file="C:\laragon\www\blog\tests\Feature\Post\PostTest.php" line="108" assertions="1" time="0.844235"/>
        <testcase name="test_user_can_update_a_post" class="Tests\Feature\Post\PostTest" classname="Tests.Feature.Post.PostTest" file="C:\laragon\www\blog\tests\Feature\Post\PostTest.php" line="130" assertions="1" time="0.557858"/>
        <testcase name="test_user_can_delete_a_post" class="Tests\Feature\Post\PostTest" classname="Tests.Feature.Post.PostTest" file="C:\laragon\www\blog\tests\Feature\Post\PostTest.php" line="161" assertions="1" time="0.536975"/>
        <testcase name="test_user_can_force_delete_a_post" class="Tests\Feature\Post\PostTest" classname="Tests.Feature.Post.PostTest" file="C:\laragon\www\blog\tests\Feature\Post\PostTest.php" line="183" assertions="2" time="0.660007"/>
        <testcase name="test_user_can_restore_a_post" class="Tests\Feature\Post\PostTest" classname="Tests.Feature.Post.PostTest" file="C:\laragon\www\blog\tests\Feature\Post\PostTest.php" line="208" assertions="3" time="0.752697"/>
      </testsuite>
    </testsuite>
  </testsuite>
</testsuites>
