<?xml version="1.0" encoding="UTF-8"?>
<testsuites>
  <testsuite name="" tests="34" assertions="39" errors="0" failures="0" skipped="0" time="39.111814">
    <testsuite name="Unit" tests="16" assertions="16" errors="0" failures="0" skipped="0" time="10.416032">
      <testsuite name="Tests\Unit\ExampleTest" file="C:\laragon\www\blog\tests\Unit\ExampleTest.php" tests="1" assertions="1" errors="0" failures="0" skipped="0" time="3.876020">
        <testcase name="testBasicTest" class="Tests\Unit\ExampleTest" classname="Tests.Unit.ExampleTest" file="C:\laragon\www\blog\tests\Unit\ExampleTest.php" line="15" assertions="1" time="3.876020"/>
      </testsuite>
      <testsuite name="Tests\Unit\Models\PostCategory\PostCategoryTest" file="C:\laragon\www\blog\tests\Unit\Models\PostCategory\PostCategoryTest.php" tests="5" assertions="5" errors="0" failures="0" skipped="0" time="2.083356">
        <testcase name="test_it_has_many_children" class="Tests\Unit\Models\PostCategory\PostCategoryTest" classname="Tests.Unit.Models.PostCategory.PostCategoryTest" file="C:\laragon\www\blog\tests\Unit\Models\PostCategory\PostCategoryTest.php" line="18" assertions="1" time="0.403996"/>
        <testcase name="test_children_only_has_one_parent" class="Tests\Unit\Models\PostCategory\PostCategoryTest" classname="Tests.Unit.Models.PostCategory.PostCategoryTest" file="C:\laragon\www\blog\tests\Unit\Models\PostCategory\PostCategoryTest.php" line="35" assertions="1" time="0.376706"/>
        <testcase name="test_it_is_orderable_by_a_numbered_order" class="Tests\Unit\Models\PostCategory\PostCategoryTest" classname="Tests.Unit.Models.PostCategory.PostCategoryTest" file="C:\laragon\www\blog\tests\Unit\Models\PostCategory\PostCategoryTest.php" line="51" assertions="1" time="0.352900"/>
        <testcase name="test_it_has_many_children_recursive" class="Tests\Unit\Models\PostCategory\PostCategoryTest" classname="Tests.Unit.Models.PostCategory.PostCategoryTest" file="C:\laragon\www\blog\tests\Unit\Models\PostCategory\PostCategoryTest.php" line="69" assertions="1" time="0.462204"/>
        <testcase name="test_a_post_category_has_many_post" class="Tests\Unit\Models\PostCategory\PostCategoryTest" classname="Tests.Unit.Models.PostCategory.PostCategoryTest" file="C:\laragon\www\blog\tests\Unit\Models\PostCategory\PostCategoryTest.php" line="89" assertions="1" time="0.487550"/>
      </testsuite>
      <testsuite name="Tests\Unit\Models\Post\PostTest" file="C:\laragon\www\blog\tests\Unit\Models\Post\PostTest.php" tests="3" assertions="3" errors="0" failures="0" skipped="0" time="1.167025">
        <testcase name="test_a_post_has_one_category" class="Tests\Unit\Models\Post\PostTest" classname="Tests.Unit.Models.Post.PostTest" file="C:\laragon\www\blog\tests\Unit\Models\Post\PostTest.php" line="19" assertions="1" time="0.365419"/>
        <testcase name="test_a_post_can_update_a_category" class="Tests\Unit\Models\Post\PostTest" classname="Tests.Unit.Models.Post.PostTest" file="C:\laragon\www\blog\tests\Unit\Models\Post\PostTest.php" line="31" assertions="1" time="0.380340"/>
        <testcase name="test_a_post_can_add_some_tags" class="Tests\Unit\Models\Post\PostTest" classname="Tests.Unit.Models.Post.PostTest" file="C:\laragon\www\blog\tests\Unit\Models\Post\PostTest.php" line="46" assertions="1" time="0.421266"/>
      </testsuite>
      <testsuite name="Tests\Unit\Models\Tag\TagTest" file="C:\laragon\www\blog\tests\Unit\Models\Tag\TagTest.php" tests="1" assertions="1" errors="0" failures="0" skipped="0" time="0.535974">
        <testcase name="test_a_tag_can_attach_some_posts" class="Tests\Unit\Models\Tag\TagTest" classname="Tests.Unit.Models.Tag.TagTest" file="C:\laragon\www\blog\tests\Unit\Models\Tag\TagTest.php" line="18" assertions="1" time="0.535974"/>
      </testsuite>
      <testsuite name="Tests\Unit\Models\User\UserTest" file="C:\laragon\www\blog\tests\Unit\Models\User\UserTest.php" tests="6" assertions="6" errors="0" failures="0" skipped="0" time="2.753657">
        <testcase name="test_give_permissions_to_user" class="Tests\Unit\Models\User\UserTest" classname="Tests.Unit.Models.User.UserTest" file="C:\laragon\www\blog\tests\Unit\Models\User\UserTest.php" line="19" assertions="1" time="0.387299"/>
        <testcase name="test_detach_permission_to_user" class="Tests\Unit\Models\User\UserTest" classname="Tests.Unit.Models.User.UserTest" file="C:\laragon\www\blog\tests\Unit\Models\User\UserTest.php" line="35" assertions="1" time="0.369860"/>
        <testcase name="test_user_has_permission" class="Tests\Unit\Models\User\UserTest" classname="Tests.Unit.Models.User.UserTest" file="C:\laragon\www\blog\tests\Unit\Models\User\UserTest.php" line="52" assertions="1" time="0.607860"/>
        <testcase name="test_user_has_permission_with_permission_object_through_role" class="Tests\Unit\Models\User\UserTest" classname="Tests.Unit.Models.User.UserTest" file="C:\laragon\www\blog\tests\Unit\Models\User\UserTest.php" line="70" assertions="1" time="0.416151"/>
        <testcase name="test_user_can_update_the_permission" class="Tests\Unit\Models\User\UserTest" classname="Tests.Unit.Models.User.UserTest" file="C:\laragon\www\blog\tests\Unit\Models\User\UserTest.php" line="92" assertions="1" time="0.491690"/>
        <testcase name="test_user_has_role" class="Tests\Unit\Models\User\UserTest" classname="Tests.Unit.Models.User.UserTest" file="C:\laragon\www\blog\tests\Unit\Models\User\UserTest.php" line="112" assertions="1" time="0.480797"/>
      </testsuite>
    </testsuite>
    <testsuite name="Feature" tests="18" assertions="23" errors="0" failures="0" skipped="0" time="28.695782">
      <testsuite name="Tests\Feature\Auth\LoginTest" file="C:\laragon\www\blog\tests\Feature\Auth\LoginTest.php" tests="7" assertions="11" errors="0" failures="0" skipped="0" time="13.530058">
        <testcase name="test_it_requires_an_email" class="Tests\Feature\Auth\LoginTest" classname="Tests.Feature.Auth.LoginTest" file="C:\laragon\www\blog\tests\Feature\Auth\LoginTest.php" line="24" assertions="2" time="1.107946"/>
        <testcase name="test_it_requires_a_password" class="Tests\Feature\Auth\LoginTest" classname="Tests.Feature.Auth.LoginTest" file="C:\laragon\www\blog\tests\Feature\Auth\LoginTest.php" line="35" assertions="2" time="2.679900"/>
        <testcase name="test_it_returns_an_error_if_credentials_dont_match" class="Tests\Feature\Auth\LoginTest" classname="Tests.Feature.Auth.LoginTest" file="C:\laragon\www\blog\tests\Feature\Auth\LoginTest.php" line="46" assertions="2" time="1.954572"/>
        <testcase name="test_login_return_true" class="Tests\Feature\Auth\LoginTest" classname="Tests.Feature.Auth.LoginTest" file="C:\laragon\www\blog\tests\Feature\Auth\LoginTest.php" line="61" assertions="1" time="2.139823"/>
        <testcase name="test_it_returns_a_validation_error_if_credentials_dont_matchs" class="Tests\Feature\Auth\LoginTest" classname="Tests.Feature.Auth.LoginTest" file="C:\laragon\www\blog\tests\Feature\Auth\LoginTest.php" line="78" assertions="2" time="2.030552"/>
        <testcase name="test_it_to_login_and_then_access_me" class="Tests\Feature\Auth\LoginTest" classname="Tests.Feature.Auth.LoginTest" file="C:\laragon\www\blog\tests\Feature\Auth\LoginTest.php" line="96" assertions="1" time="2.139277"/>
        <testcase name="test_it_to_login_and_thenlogout" class="Tests\Feature\Auth\LoginTest" classname="Tests.Feature.Auth.LoginTest" file="C:\laragon\www\blog\tests\Feature\Auth\LoginTest.php" line="120" assertions="1" time="1.477988"/>
      </testsuite>
      <testsuite name="Tests\Feature\Auth\RegisterTest" file="C:\laragon\www\blog\tests\Feature\Auth\RegisterTest.php" tests="2" assertions="2" errors="0" failures="0" skipped="0" time="3.970416">
        <testcase name="test_register_user" class="Tests\Feature\Auth\RegisterTest" classname="Tests.Feature.Auth.RegisterTest" file="C:\laragon\www\blog\tests\Feature\Auth\RegisterTest.php" line="22" assertions="1" time="2.234760"/>
        <testcase name="test_register_with_wrong_email" class="Tests\Feature\Auth\RegisterTest" classname="Tests.Feature.Auth.RegisterTest" file="C:\laragon\www\blog\tests\Feature\Auth\RegisterTest.php" line="39" assertions="1" time="1.735656"/>
      </testsuite>
      <testsuite name="Tests\Feature\ExampleTest" file="C:\laragon\www\blog\tests\Feature\ExampleTest.php" tests="1" assertions="1" errors="0" failures="0" skipped="0" time="0.357088">
        <testcase name="testBasicTest" class="Tests\Feature\ExampleTest" classname="Tests.Feature.ExampleTest" file="C:\laragon\www\blog\tests\Feature\ExampleTest.php" line="15" assertions="1" time="0.357088"/>
      </testsuite>
      <testsuite name="Tests\Feature\Post\PostTest" file="C:\laragon\www\blog\tests\Feature\Post\PostTest.php" tests="8" assertions="9" errors="0" failures="0" skipped="0" time="10.838220">
        <testcase name="test_user_can_create_a_post" class="Tests\Feature\Post\PostTest" classname="Tests.Feature.Post.PostTest" file="C:\laragon\www\blog\tests\Feature\Post\PostTest.php" line="24" assertions="1" time="0.903235"/>
        <testcase name="test_user_can_access_posts" class="Tests\Feature\Post\PostTest" classname="Tests.Feature.Post.PostTest" file="C:\laragon\www\blog\tests\Feature\Post\PostTest.php" line="52" assertions="1" time="5.919481"/>
        <testcase name="test_user_skip_access_posts_with_anonymous_scope" class="Tests\Feature\Post\PostTest" classname="Tests.Feature.Post.PostTest" file="C:\laragon\www\blog\tests\Feature\Post\PostTest.php" line="69" assertions="1" time="0.840969"/>
        <testcase name="test_user_skip_access_posts_with_null_scope_value" class="Tests\Feature\Post\PostTest" classname="Tests.Feature.Post.PostTest" file="C:\laragon\www\blog\tests\Feature\Post\PostTest.php" line="91" assertions="1" time="0.834285"/>
        <testcase name="test_user_can_update_a_post" class="Tests\Feature\Post\PostTest" classname="Tests.Feature.Post.PostTest" file="C:\laragon\www\blog\tests\Feature\Post\PostTest.php" line="113" assertions="1" time="0.523459"/>
        <testcase name="test_user_can_delete_a_post" class="Tests\Feature\Post\PostTest" classname="Tests.Feature.Post.PostTest" file="C:\laragon\www\blog\tests\Feature\Post\PostTest.php" line="144" assertions="1" time="0.539132"/>
        <testcase name="test_user_can_force_delete_a_post" class="Tests\Feature\Post\PostTest" classname="Tests.Feature.Post.PostTest" file="C:\laragon\www\blog\tests\Feature\Post\PostTest.php" line="166" assertions="2" time="0.686364"/>
        <testcase name="test_user_can_restore_a_post" class="Tests\Feature\Post\PostTest" classname="Tests.Feature.Post.PostTest" file="C:\laragon\www\blog\tests\Feature\Post\PostTest.php" line="191" assertions="1" time="0.591295"/>
      </testsuite>
    </testsuite>
  </testsuite>
</testsuites>
